20240709	20:15:28	362c26b2-920a-46a8-a640-cadd07fb9fed	POST	/api/auth/register	undefined
20240709	20:15:29	b0c933f0-caa0-45c2-8414-661ac33fb47e	GET	/api/auth/css/style.css	undefined
20240709	20:18:08	009a5968-719b-4526-8961-5e3969a20f1d	GET	/api/auth/css/style.css	undefined
20240709	20:19:36	0e10209a-8f1a-4dfc-8838-0231ae667468	POST	/api/auth/register	undefined
20240709	20:19:37	490b9e14-5afb-48bb-90c3-03bd621f0183	GET	/api/auth/css/style.css	undefined
20240709	20:24:41	a7deb48f-fefa-4529-922a-32cce7374519	POST	/api/auth/register	undefined
20240709	20:24:42	8eda0edc-fca8-48ad-93ea-562b9d6eceb6	GET	/api/auth/css/style.css	undefined
20240709	20:27:08	720ff4e2-2936-4581-8541-bb258cdf088d	POST	/api/auth/register	undefined
20240709	20:28:27	a9e720ed-3423-4906-9d31-6f9912963280	POST	/api/auth/register	undefined
20240709	20:35:32	4cfb49e2-610a-45da-8db5-ffd16197b9f9	POST	/api/auth/register	undefined
20240709	20:39:27	7d26e01d-e74d-4009-a2f0-8161d27c391a	POST	/api/auth/register	undefined
20240709	20:44:33	851b210c-368f-4999-99b5-de64fc9dda19	POST	/api/auth/login	undefined
20240709	20:45:30	2a3b7139-40a6-4967-86f2-1a437f512a86	POST	/api/auth/login	undefined
20240709	20:46:18	8cf567e3-5148-4a24-ad8f-bafc3372450b	POST	/api/auth/login	undefined
20240709	20:47:13	c508349e-767f-412b-8f86-35dcfabb6b62	POST	/api/auth/login	undefined
20240709	20:54:58	75dd1704-f0b8-4cdb-b1be-1ee77479d350	POST	/api/auth/register	undefined
20240709	20:55:37	98a5ce3b-e1a2-49af-abc3-cf161d207823	POST	/api/auth/register	undefined
20240709	20:56:42	d943f0f3-21e8-477b-a7aa-0ad3489e5eef	POST	/api/auth/login	undefined
20240709	20:59:19	f0eb1966-5327-4cc2-b351-5b5f6ed7a73a	POST	/api/auth/login	undefined
20240709	21:09:36	335cff2c-a0d5-4d99-86f3-69575896f4a6	POST	/api/auth/register	undefined
20240709	21:09:46	131e3ee0-6bab-4fc8-810b-5ce5c3b0d873	POST	/api/auth/login	undefined
20240709	21:13:45	57cd6415-5042-4ffe-b662-a19bacd57063	POST	/api/auth/register	undefined
20240709	21:13:55	1c652b18-e475-465a-a6a9-f70515925d81	POST	/api/auth/login	undefined
20240709	21:19:18	81460c5b-66bf-4c4b-8b27-31fe124cb98f	POST	/api/auth/register	undefined
20240709	21:19:23	ef3834d2-5faf-4bb8-8803-99733436872f	POST	/api/auth/login	undefined
20240709	21:23:04	63259d61-10f2-42f4-953b-20c4522b082b	GET	/api/auth/refresh	undefined
20240709	21:23:54	c57ae665-8762-4b29-ae7c-63cf1e64daa3	POST	/api/auth/logout	undefined
20240709	21:28:36	d997acf3-21b6-471e-8819-c2557c15016a	POST	/api/auth/login	undefined
20240709	21:28:42	8990bb6b-b90e-43b4-9cd5-7a79238144ca	POST	/api/auth/logout	undefined
20240709	21:32:13	45f84756-507b-4d20-92de-d4fcc095b32d	POST	/api/auth/logout	undefined
20240709	21:33:16	f57d5f09-88b6-44b8-96a4-37e7356ab1b0	POST	/api/auth/login	undefined
20240709	21:33:19	2be69521-ee77-411e-83e1-c7ab77a8073d	POST	/api/auth/logout	undefined
20240710	11:17:06	cdba48d6-35a7-4612-9e0c-94db5acf28fc	POST	/api/auth/login	undefined
20240710	11:17:15	3430211f-9da5-470b-8dd3-5d1e30d78426	POST	/api/auth/logout	undefined
20240710	11:53:57	2915d6b5-df54-4835-8c4a-b24b84a6d116	POST	/api/auth/logout	undefined
20240710	11:54:06	dca73c23-afd1-4f31-b539-206afd25371b	POST	/api/auth/register	undefined
20240710	11:54:10	88f0eaef-be49-484e-9029-fb63ffd5015e	POST	/api/auth/login	undefined
20240710	11:54:48	d2088673-eb30-44b6-a549-456ac8ba7c55	POST	/api/auth/register	undefined
20240710	11:56:53	974b1738-5f24-48ad-8ef6-f94c72048fd9	POST	/api/auth/register	undefined
20240710	11:58:00	bc5b7e2a-f550-4c4f-a546-43855aa42c78	POST	/api/auth/logout	undefined
20240710	11:58:05	128bd351-ce5d-4797-a7d8-40c70a054931	POST	/api/auth/login	undefined
20240710	11:58:57	b9716b2c-de86-4f67-9257-900f7bdc0b7f	POST	/api/auth/register	undefined
20240710	12:01:26	76faeacd-5b0e-46ca-95b5-fab52f13e68a	POST	/api/auth/register	undefined
20240710	12:02:43	92196a73-47b0-4f5c-a692-1a1fdd4fb075	POST	/api/auth/register	undefined
20240710	12:10:17	94f7759f-bed8-468c-8ab0-b4e7cee2ce1c	POST	/api/auth/logout	undefined
20240710	12:10:24	dbec392b-dfb6-415d-84e4-affe179b905d	POST	/api/auth/login	undefined
20240710	12:13:03	33d9ee64-287e-47d0-aaf1-14456bc01214	POST	/api/auth/register	undefined
20240710	12:39:10	d793d0f2-a137-4536-9219-c0d7045490dd	POST	/api/auth/register	undefined
20240710	12:39:29	ef0cf096-667c-4c38-996e-e259a92b2e3a	POST	/api/auth/login	undefined
20240710	12:40:41	78bc9cfa-37bc-42b1-bed6-222bbac02e6f	POST	/api/auth/logout	undefined
20240710	12:42:21	3d6315d6-81ff-496e-b66f-e46a6c0aea51	POST	/api/auth/login	undefined
20240710	12:43:31	1069ae57-03a5-4961-8d80-a477efbe2b3d	POST	/api/auth/register	undefined
20240710	12:53:53	c3e9bfdd-b7ae-4db0-b752-a90d9fdb192d	POST	/api/auth/register	undefined
20240710	12:56:40	99caac05-0e65-44f9-8186-c62536feb257	POST	/api/auth/logout	undefined
20240710	12:56:45	65dec394-3502-4567-8aaa-59a55a01c730	POST	/api/auth/login	undefined
20240710	12:57:24	dade5cdf-c389-4513-8f46-f0592633b9e3	POST	/api/auth/register	undefined
20240710	12:57:55	3c47273f-c6e0-4890-a1fa-87cd88accd36	POST	/api/auth/register	undefined
20240710	13:08:08	5d09ae65-e7dc-4305-b917-21a0282ab195	POST	/api/auth/login	undefined
20240710	13:08:50	788a95c8-a94e-4f25-ae22-cdcd79f758e0	POST	/api/auth/login	undefined
20240710	13:10:34	1b5c9b5f-26bd-444b-bb5a-29994727468d	POST	/api/auth/login	undefined
20240710	13:10:40	85ab0e32-b8a0-448e-93af-3ddc79db1e20	POST	/api/auth/register	undefined
20240710	13:12:20	60d4078e-9ad7-4edd-9e8c-c2dd754e7d9e	POST	/api/auth/register	undefined
20240710	13:12:44	3c7b670d-aeee-46a1-b2cd-1705a012f096	POST	/api/auth/register	undefined
20240710	13:12:52	459f3006-8768-4472-8c4b-09e71899dca1	POST	/api/auth/logout	undefined
20240710	13:13:58	6512582f-199c-495e-a42a-145e5dceb815	POST	/api/auth/login	undefined
20240710	13:15:23	fdf2f445-ee0b-448d-adc7-660f1ec9a666	POST	/api/auth/login	undefined
20240710	13:15:28	56806c8b-fc4c-470d-b85c-9c4942e24e9e	POST	/api/auth/login	undefined
20240710	13:16:15	9be339fd-42ca-4aa8-9c1b-5ffa1df8e3dc	POST	/api/auth/register	undefined
20240710	13:16:45	54ef1edf-9101-4838-979a-df0d10772f66	POST	/api/auth/logout	undefined
20240710	13:31:37	f8552ecd-e672-44eb-891b-36faa5cc1172	POST	/api/auth/login	undefined
20240710	13:32:17	50052ecd-b0ce-46cd-b518-234a307645b0	POST	/api/task/	undefined
20240710	13:32:23	dba2f2d0-ae40-4ab3-bfed-65233a1fb331	GET	/api/task/css/style.css	undefined
20240710	13:33:15	ab3d2306-ed6b-41d6-b96e-7fab47fba598	GET	/api/task/css/style.css	undefined
20240710	13:33:16	e9ce4b5e-36eb-4778-be3d-05add9606b2c	POST	/api/tasks/	undefined
20240710	13:33:57	a22087b4-b6c1-441a-bae8-afb64abec61f	GET	/api/tasks/	undefined
20240710	13:34:41	454336ab-3cfa-4c7e-aaa0-a4eb59487832	GET	/api/tasks/	undefined
20240710	13:35:32	9bc39122-8959-4072-a293-470a66f24e05	GET	/api/tasks/668e7f8ea0198ce479770685	undefined
20240710	13:37:19	1c283114-5b10-4071-b80f-36b743d05f5c	GET	/api/tasks/668e7f8ea0198ce479770685	undefined
20240710	13:39:43	fcc4d05d-488f-418e-8ecd-761f21a4eb88	GET	/api/tasks/668e7f8ea0198ce479770685	undefined
20240710	13:40:29	d3d6ce71-d562-434e-ac6e-5a39779859bc	GET	/api/tasks/668e7f8ea0198ce479770685	undefined
20240710	13:41:25	93d5e9de-3797-4e25-a25f-4a267b18e5f5	GET	/api/tasks/668e7f8ea0198ce479770685	undefined
20240710	13:53:11	ed1eeae2-ab44-44d3-8881-47836412ff61	POST	/api/auth/logout	undefined
20240710	13:55:29	f46e6aff-2fa6-4439-8bc2-c969189e0f8c	POST	/api/auth/login	undefined
20240710	13:55:59	8d4b8a4a-aaa5-4cbc-bac8-1f3faf34b6c4	GET	/api/tasks/	undefined
20240710	13:58:17	ff607e01-0800-4a6c-9c2b-eeee781cce68	POST	/api/auth/logout	undefined
20240710	13:58:30	d9485c8a-a5a0-4437-9c2a-8f582a869485	POST	/api/auth/login	undefined
20240710	13:58:50	9d979b6e-cd4b-4ad8-a6cd-43fc0a30a586	GET	/api/tasks/668e7f8ea0198ce479770685	undefined
20240710	13:59:10	f85df882-c0f9-4b7d-b968-ad373b9f2c04	POST	/api/auth/logout	undefined
20240710	13:59:39	c148515b-992e-4d29-a348-a40482de8928	POST	/api/auth/login	undefined
20240710	13:59:46	9e81680d-7e0c-4cc8-8d9e-8f2eb2992c43	POST	/api/auth/login	undefined
20240710	14:00:04	ceef9ad2-d249-4910-9759-e957208dc5a2	GET	/api/tasks/668e7f8ea0198ce479770685	undefined
20240710	14:01:05	b67d578d-4889-4d8b-aea0-3c1ffbed3e59	GET	/api/tasks/	undefined
20240710	14:01:14	c73c1608-81ee-4073-af73-69dff74ebbda	POST	/api/auth/logout	undefined
20240710	14:01:20	e9a4bfdf-d459-4964-a493-b1579c12d1f6	POST	/api/auth/login	undefined
20240710	14:01:41	61f81774-9b86-467c-93d9-ab935279c055	GET	/api/tasks/	undefined
20240710	14:06:20	0ec9243f-3e79-4af4-8717-e0d85f230322	GET	/api/tasks/668e7f8ea0198ce479770685	undefined
20240710	14:15:24	4d197c21-c298-4a27-b06b-f9e8301c2dab	POST	/api/auth/register	undefined
20240710	14:17:26	bd60cd26-1ec7-4308-8ead-6be31fdf8e20	POST	/api/auth/register	undefined
20240710	14:20:39	98dcfdb8-3aa9-429e-8cbc-485c6ba96219	POST	/api/auth/login	undefined
20240710	14:21:54	14951397-0c8e-4026-ac5d-9b79359bd9dc	POST	/api/auth/register	undefined
20240710	14:22:18	82a9e84d-4039-451c-871f-ec7a2773e6a1	POST	/api/auth/register	undefined
20240710	14:27:26	899797af-63bc-4156-93dd-5c55083c422c	POST	/api/auth/register	undefined
20240710	14:31:27	e7c148af-5ad9-415c-a058-4864c302b9c8	POST	/api/auth/register	undefined
20240710	14:31:57	8aeff920-7a7a-414b-adce-16d64ab74084	POST	/api/auth/register	undefined
20240710	14:35:58	113a46b1-6309-4a41-80ad-4cc23aed5f4d	POST	/api/auth/register	undefined
20240710	14:37:23	b164c5dc-9620-4016-b27b-aaee2c6183a3	POST	/api/auth/register	undefined
20240710	14:38:20	5c4b1a1f-f42c-47d3-9754-3b9158e1d176	POST	/api/auth/register	undefined
20240710	14:40:16	f1f79818-2ea6-4777-9b36-91a6049bce28	POST	/api/auth/login	undefined
20240710	14:40:55	a8bc2283-66cc-454c-a7c1-8d77287ac55c	POST	/api/auth/register	undefined
20240710	14:42:32	2443df4c-aa8d-4c98-8a93-d936494757d2	POST	/api/tasks/	undefined
20240710	14:43:34	6c67cb76-27d7-4e37-a0b0-4cf925f8d429	GET	/api/tasks/	undefined
20240710	14:47:41	31fdad79-8a6c-4b2a-9b4d-eb10ef37d642	POST	/api/auth/register	undefined
20240710	14:48:33	3122e948-7fa3-469f-bc70-d5cd153216fb	POST	/api/tasks/	undefined
20240710	14:48:42	8f9ceb75-2d9b-4a33-b7b6-f6618bd65cd3	GET	/api/tasks/	undefined
20240710	14:49:44	73bdc552-d4b0-4238-8343-cbd32defb9bb	GET	/api/tasks/668e9133c2588923ee2505c4	undefined
20240710	14:51:34	9b50e86f-fa73-4d27-9346-0a0628cff59a	POST	/api/tasks/access	undefined
20240710	14:51:36	a0c41fec-8df3-47a4-a40e-2d2aef6c89e7	GET	/api/tasks/css/style.css	undefined
20240710	14:51:55	277dfd81-2b0d-486d-a2dd-090a602be484	POST	/api/tasks/assess	undefined
20240710	14:52:41	6fbbae0e-7438-4e7a-a66a-46e8f1405593	POST	/api/auth/register	undefined
20240710	14:52:57	bd77cf1a-61a3-4870-9029-73120a69b531	POST	/api/auth/logout	undefined
20240710	14:53:29	bae8f782-7254-43fd-b21a-0ea7d2f495c4	POST	/api/auth/login	undefined
20240710	14:54:38	f1dcdacc-9063-4aaa-b0f3-f7ed0578eb45	POST	/api/auth/login	undefined
20240710	14:54:44	4ead0345-2313-4544-8632-2fe013ff6ba5	POST	/api/auth/login	undefined
20240710	14:55:04	396999eb-1373-4c68-b3d5-8c2ba286fb1f	POST	/api/auth/register	undefined
20240710	14:55:46	7db8f9b7-6729-45a9-9c8f-1b3d0246fb33	POST	/api/tasks/	undefined
20240710	14:56:00	524acd78-7d8c-454f-bf90-21efe85c10ee	GET	/api/tasks/	undefined
20240710	14:56:34	986b0ef5-a556-4305-b9a3-f8f6cf7e20fd	GET	/api/tasks/668e9133c2588923ee2505c4	undefined
20240710	14:56:59	9d7201f9-50c3-4c79-ba47-aa906a6d7f22	POST	/api/auth/logout	undefined
20240710	14:57:39	bf56c9e6-9f25-4d40-8e0a-92ce14bc40f7	POST	/api/auth/login	undefined
20240710	14:58:03	ef943d1b-cac6-465f-aa6a-2b25f324f22e	POST	/api/auth/register	undefined
20240710	14:58:31	d2627af0-7921-4b93-b68b-0587f8b95854	GET	/api/tasks/668e9133c2588923ee2505c4	undefined
20240712	10:30:52	8abc2f84-1d07-4e3f-907f-72c26a9f966c	POST	/api/auth/login	undefined
20240712	10:30:56	1ef89f21-2809-4deb-80eb-34950ad1025d	POST	/api/auth/login	undefined
20240712	10:31:14	6a5eb97b-a25a-46b2-aa7c-4bab2780b29a	GET	/api/tasks/	undefined
20240712	10:32:01	238602ee-107c-4a89-aac2-b4eba6ad8188	GET	/api/tasks/	undefined
20240712	10:32:08	e57846a4-1b5d-465a-a6a4-e48046bb6355	GET	/api/tasks/	undefined
20240712	10:33:33	4663d3a2-8e21-4fe7-86ef-e5bf377d54fa	PATCH	/api/tasks/668e9133c2588923ee2505c4	undefined
20240712	10:34:33	008c01b3-3cb6-4028-882c-a5d5473a20ae	POST	/api/tasks/	undefined
20240712	10:35:29	4a234f47-99ca-4e79-a28c-601cc68b72cc	GET	/api/tasks/	undefined
20240712	10:35:44	9e100569-924d-4c51-bfb1-bdd657636ea0	DELETE	/api/tasks/6690f8a910e2a56fe051dec1	undefined
20240712	10:36:10	15090ec4-eb16-4f26-b3e2-c7dd963f62a5	DELETE	/api/tasks/6690f8a910e2a56fe051dec1	undefined
20240712	10:37:34	a6ca4527-2a43-4524-bdc9-b48bfc3f2f41	DELETE	/api/tasks/6690f8a910e2a56fe051dec1	undefined
20240712	10:38:53	72768b77-b32d-4f3b-a0a6-aab6049460e2	POST	/api/tasks/	undefined
20240712	10:39:48	c7ec87bf-3e0e-4ab1-b2bb-198d9648022b	DELETE	/api/tasks/6690f8a910e2a56fe051dec1	undefined
20240712	10:40:09	3ecedcaf-6263-4d6f-ba20-4e7747e7d4d3	DELETE	/api/tasks/6690f9ad712bdf6aaab4e454	undefined
20240712	10:41:23	f5acdd34-56f8-4fab-9bf6-b7915abbc0b7	GET	/api/tasks/	undefined
20240712	10:41:29	dbcf152b-1591-45e6-a6c3-1132735e59fc	POST	/api/tasks/	undefined
20240712	10:41:40	d24b2757-d112-43a3-9770-4e04857902fa	GET	/api/tasks/	undefined
20240712	10:41:49	74676bf2-760d-45e2-b1dc-462a3b7d252b	DELETE	/api/tasks/6690fa49d94343abcd7b3fb5	undefined
20240712	10:43:23	a53c033a-5a06-43f9-ae7f-82661e095fec	PATCH	/api/tasks/668e9133c2588923ee2505c4	undefined
20240712	10:43:40	9e2fed9b-b705-4e3b-85f5-e6c1910b0b2d	GET	/api/tasks/	undefined
20240712	10:45:29	965d2007-6985-4ed3-936a-3f5936647ec0	PATCH	/api/tasks/668e9133c2588923ee2505c4	undefined
20240712	10:47:50	772ca607-e737-4601-9708-c49aafb1b985	POST	/api/tasks/	undefined
20240712	10:48:01	581363a5-6598-44bb-ab1c-45424ebae830	POST	/api/auth/login	undefined
20240712	10:48:23	f66b9253-6aae-4df0-a3d2-c64fcbcb82ba	POST	/api/tasks/	undefined
20240712	10:49:21	65f3968a-4942-4166-8827-f1b7f7d24301	POST	/api/tasks/assess	undefined
20240712	12:18:38	d67cf7bc-d800-458b-bbfd-a72e4d89e1b1	POST	/api/auth/logout	undefined
20240712	12:18:43	8fdd29e5-b904-4f5b-970e-4411a8d420cb	POST	/api/auth/login	undefined
20240712	12:20:07	71d39524-734d-4fb7-9a63-39f5d65481e9	GET	/api/users/	undefined
20240712	12:20:12	06cc0216-b9d1-464b-a472-6015901df346	GET	/api/users/css/style.css	undefined
20240712	12:28:56	ecd5144a-c07c-4130-8692-bbbf8f7860f4	GET	/api/users/	undefined
20240712	12:29:18	2eb41598-7d30-4c29-93e1-2944e458986c	GET	/api/users/668e90fec2588923ee2505c1	undefined
20240712	12:29:48	a89552f8-dd7b-462e-9d7d-cc374e9fddb6	PATCH	/api/users/	undefined
20240712	12:29:49	72142bed-9d24-4b72-89b0-89c51490f192	GET	/api/users/css/style.css	undefined
20240712	12:29:55	2bd5748d-86bc-44d1-8d6c-36c56c9f28a6	PATCH	/api/users/668e90fec2588923ee2505c1	undefined
20240712	12:30:36	3e042154-f153-4167-a02e-127026e0afec	PATCH	/api/users/668e90fec2588923ee2505c1	undefined
20240712	12:31:32	fd875387-fa8a-4db6-b25f-7e7971291c8a	PATCH	/api/users/668e90fec2588923ee2505c1	undefined
20240712	12:31:43	e6e48812-8207-4d09-bb4d-3cefcfead9fb	PATCH	/api/users/668e90fec2588923ee2505c1	undefined
20240712	12:32:23	db7ba2e5-bcfb-4fa4-ad12-7808691eab1e	DELETE	/api/user/668e922bc2588923ee2505d1	undefined
20240712	12:32:26	1d1ce50c-3c38-4090-bae6-35507c2b6cda	GET	/api/user/css/style.css	undefined
20240712	12:33:06	3dac47e0-1352-4cf8-b81e-2f1f72fbcd7c	DELETE	/api/users/668e922bc2588923ee2505d1	undefined
20240712	12:33:46	c7276883-a8b7-4b05-86d3-b35bb4b277c8	GET	/api/users/	undefined
20240712	12:34:57	4ef9cf94-3b09-4b72-978a-39101eb4ed51	POST	/api/auth/login	undefined
20240712	12:35:23	db87c4c3-9af1-468c-b063-a312625672f2	POST	/api/auth/login	undefined
20240712	12:35:28	34e55d3c-3e0f-4d9d-ac28-d4bcb4cfd9cb	POST	/api/auth/login	undefined
20240712	12:35:49	70aa0c32-e154-45a2-a503-8e414aa95d6d	GET	/api/users/	undefined
20240712	12:36:05	3e3ae13f-064d-4ef2-be72-79f8c31a9548	DELETE	/api/users/668e922bc2588923ee2505d1	undefined
20240712	12:36:13	6ca57efa-cbf4-4c17-ab4b-1ec1d06f851b	DELETE	/api/users/668e922bc2588923ee2505d1	undefined
20240712	12:37:01	e52f855a-4914-4a58-85c8-20a8c3f33709	GET	/api/users/668e922bc2588923ee2505d1	undefined
20240712	12:37:09	04f96d1f-2ea5-4101-bb34-ea5148d5d049	GET	/api/users/	undefined
20240712	12:37:36	c41d52ea-9848-4b05-b4cb-cb94d0410973	DELETE	/api/users/668e922bc2588923ee2505d1	undefined
20240712	12:37:44	c2d2138e-0386-447b-9870-7b909c28e6da	POST	/api/auth/register	undefined
20240712	12:38:14	58961313-58e7-4124-af50-cc7b99df724d	POST	/api/auth/register	undefined
20240712	12:46:47	813f8232-09bf-4752-81dc-82b63cf985ea	POST	/api/auth/login	undefined
20240712	12:47:10	5521a02f-4aba-4977-abf7-fceafd506496	GET	/api/users/	undefined
20240712	15:33:21	c913501b-7002-481d-9c29-61d4162cdd11	POST	/api/auth/logout	undefined
20240712	15:33:51	42e7b32e-8f91-494b-9d31-a57810f978cb	POST	/api/auth/login	undefined
20240712	15:33:58	37f3a938-deeb-4973-8f36-9464497435c9	POST	/api/auth/login	undefined
20240712	15:34:13	3626a6e2-c356-4406-8759-65e7e2e07a47	POST	/api/auth/login	undefined
20240712	15:34:39	13310c0b-5891-422f-bace-56129d36f4da	GET	/api/users/668e922bc2588923ee2505d1	undefined
